Validating found git in: git
Using git 2.25.1 from git
> git rev-parse --git-dir
Open repository: /home/ashley/work/phpscaffold
> git status -z -u
> git symbolic-ref --short HEAD
> git for-each-ref --format=%(refname)%00%(upstream:short)%00%(objectname)%00%(upstream:track) refs/heads/master refs/remotes/master
> git for-each-ref --sort -committerdate --format %(refname) %(objectname) %(*objectname)
> git remote --verbose
> git config --get commit.template
> git show --textconv :tmp/project/inc.functions.php
> git ls-files --stage -- /home/ashley/work/phpscaffold/tmp/project/inc.functions.php
> git check-ignore -v -z --stdin
> git check-ignore -v -z --stdin
> git show --textconv :tmp/project/index.php
> git ls-files --stage -- /home/ashley/work/phpscaffold/tmp/project/index.php
> git show --textconv :tmp/project/test.php
> git ls-files --stage -- /home/ashley/work/phpscaffold/tmp/project/test.php
> git check-ignore -v -z --stdin
> git status -z -u
> git symbolic-ref --short HEAD
> git for-each-ref --format=%(refname)%00%(upstream:short)%00%(objectname)%00%(upstream:track) refs/heads/master refs/remotes/master
> git for-each-ref --sort -committerdate --format %(refname) %(objectname) %(*objectname)
> git remote --verbose
> git config --get commit.template
> git show --textconv :tmp/project/index.php
> git ls-files --stage -- /home/ashley/work/phpscaffold/tmp/project/index.php
> git check-ignore -v -z --stdin
> git show --textconv :tmp/project/users_test/index.php
> git ls-files --stage -- /home/ashley/work/phpscaffold/tmp/project/users_test/index.php
> git show --textconv :tmp/project/inc.functions.php
> git ls-files --stage -- /home/ashley/work/phpscaffold/tmp/project/inc.functions.php
> git show --textconv :tmp/project/inc.config.php
> git ls-files --stage -- /home/ashley/work/phpscaffold/tmp/project/inc.config.php
> git show --textconv :tmp/project/inc.functions.php
> git ls-files --stage -- /home/ashley/work/phpscaffold/tmp/project/inc.functions.php
> git show --textconv :tmp/project/inc.config.php
> git ls-files --stage -- /home/ashley/work/phpscaffold/tmp/project/inc.config.php
> git show --textconv :tmp/project/inc.functions.php
> git ls-files --stage -- /home/ashley/work/phpscaffold/tmp/project/inc.functions.php
> git show --textconv :tmp/project/users_test/index.php
> git ls-files --stage -- /home/ashley/work/phpscaffold/tmp/project/users_test/index.php
> git show --textconv :tmp/project/test.php
> git ls-files --stage -- /home/ashley/work/phpscaffold/tmp/project/test.php
> git show --textconv :tmp/project/inc.functions.php
> git ls-files --stage -- /home/ashley/work/phpscaffold/tmp/project/inc.functions.php
> git show --textconv :tmp/project/test.php
> git ls-files --stage -- /home/ashley/work/phpscaffold/tmp/project/test.php
> git show --textconv :tmp/project/inc.functions.php
> git ls-files --stage -- /home/ashley/work/phpscaffold/tmp/project/inc.functions.php
> git show --textconv :tmp/project/test.php
> git ls-files --stage -- /home/ashley/work/phpscaffold/tmp/project/test.php
> git show --textconv :tmp/project/users_test/index.php
> git ls-files --stage -- /home/ashley/work/phpscaffold/tmp/project/users_test/index.php
> git show --textconv :tmp/project/inc.functions.php
> git ls-files --stage -- /home/ashley/work/phpscaffold/tmp/project/inc.functions.php
> git show --textconv :tmp/project/test.php
> git ls-files --stage -- /home/ashley/work/phpscaffold/tmp/project/test.php
> git show --textconv :index.php
> git ls-files --stage -- /home/ashley/work/phpscaffold/index.php
> git cat-file -s 75f3d2d417bd89ce3a5bb83ffae0c64e423979b0
> git show --textconv :tmp/project/test.php
> git ls-files --stage -- /home/ashley/work/phpscaffold/tmp/project/test.php
> git status -z -u
> git symbolic-ref --short HEAD
> git for-each-ref --format=%(refname)%00%(upstream:short)%00%(objectname)%00%(upstream:track) refs/heads/master refs/remotes/master
> git for-each-ref --sort -committerdate --format %(refname) %(objectname) %(*objectname)
> git remote --verbose
> git config --get commit.template
> git show --textconv :tmp/project/inc.functions.php
> git ls-files --stage -- /home/ashley/work/phpscaffold/tmp/project/inc.functions.php
> git show --textconv :tmp/project/inc.config.php
> git ls-files --stage -- /home/ashley/work/phpscaffold/tmp/project/inc.config.php
> git show --textconv :tmp/project/inc.auth.php
> git ls-files --stage -- /home/ashley/work/phpscaffold/tmp/project/inc.auth.php
> git show --textconv :tmp/project/inc.functions.php
> git ls-files --stage -- /home/ashley/work/phpscaffold/tmp/project/inc.functions.php
> git show --textconv :tmp/project/inc.layout.php
> git ls-files --stage -- /home/ashley/work/phpscaffold/tmp/project/inc.layout.php
> git show --textconv :test.php
> git ls-files --stage -- /home/ashley/work/phpscaffold/test.php
> git check-ignore -v -z --stdin
> git status -z -u
> git symbolic-ref --short HEAD
> git for-each-ref --format=%(refname)%00%(upstream:short)%00%(objectname)%00%(upstream:track) refs/heads/master refs/remotes/master
> git for-each-ref --sort -committerdate --format %(refname) %(objectname) %(*objectname)
> git remote --verbose
> git config --get commit.template
> git show --textconv :tmp/project/test.php
> git ls-files --stage -- /home/ashley/work/phpscaffold/tmp/project/test.php
> git show --textconv :test.php
> git ls-files --stage -- /home/ashley/work/phpscaffold/test.php
> git status -z -u
> git symbolic-ref --short HEAD
> git for-each-ref --format=%(refname)%00%(upstream:short)%00%(objectname)%00%(upstream:track) refs/heads/master refs/remotes/master
> git for-each-ref --sort -committerdate --format %(refname) %(objectname) %(*objectname)
> git remote --verbose
> git config --get commit.template
> git show --textconv :tmp/project/inc.config.php
> git ls-files --stage -- /home/ashley/work/phpscaffold/tmp/project/inc.config.php
> git show --textconv :tmp/project/inc.functions.php
> git ls-files --stage -- /home/ashley/work/phpscaffold/tmp/project/inc.functions.php
> git show --textconv :tmp/project/inc.config.php
> git ls-files --stage -- /home/ashley/work/phpscaffold/tmp/project/inc.config.php
> git show --textconv :test.php
> git ls-files --stage -- /home/ashley/work/phpscaffold/test.php
> git show --textconv :tmp/project/inc.config.php
> git ls-files --stage -- /home/ashley/work/phpscaffold/tmp/project/inc.config.php
> git show --textconv :tmp/project/test.php
> git ls-files --stage -- /home/ashley/work/phpscaffold/tmp/project/test.php
> git show --textconv :tmp/project/inc.config.php
> git ls-files --stage -- /home/ashley/work/phpscaffold/tmp/project/inc.config.php
> git status -z -u
> git symbolic-ref --short HEAD
> git for-each-ref --format=%(refname)%00%(upstream:short)%00%(objectname)%00%(upstream:track) refs/heads/master refs/remotes/master
> git for-each-ref --sort -committerdate --format %(refname) %(objectname) %(*objectname)
> git remote --verbose
> git config --get commit.template
> git show --textconv :test.php
> git ls-files --stage -- /home/ashley/work/phpscaffold/test.php
> git show --textconv :tmp/project/inc.config.php
> git ls-files --stage -- /home/ashley/work/phpscaffold/tmp/project/inc.config.php
> git show --textconv :tmp/project/inc.functions.php
> git ls-files --stage -- /home/ashley/work/phpscaffold/tmp/project/inc.functions.php
> git show --textconv :test.php
> git ls-files --stage -- /home/ashley/work/phpscaffold/test.php
> git status -z -u
> git symbolic-ref --short HEAD
> git for-each-ref --format=%(refname)%00%(upstream:short)%00%(objectname)%00%(upstream:track) refs/heads/master refs/remotes/master
> git for-each-ref --sort -committerdate --format %(refname) %(objectname) %(*objectname)
> git remote --verbose
> git config --get commit.template
> git status -z -u
> git symbolic-ref --short HEAD
> git for-each-ref --format=%(refname)%00%(upstream:short)%00%(objectname)%00%(upstream:track) refs/heads/master refs/remotes/master
> git for-each-ref --sort -committerdate --format %(refname) %(objectname) %(*objectname)
> git remote --verbose
> git config --get commit.template
> git status -z -u
> git symbolic-ref --short HEAD
> git for-each-ref --format=%(refname)%00%(upstream:short)%00%(objectname)%00%(upstream:track) refs/heads/master refs/remotes/master
> git for-each-ref --sort -committerdate --format %(refname) %(objectname) %(*objectname)
> git remote --verbose
> git config --get commit.template
> git show --textconv :tmp/project/inc.config.php
> git ls-files --stage -- /home/ashley/work/phpscaffold/tmp/project/inc.config.php
> git show --textconv :tmp/project/inc.functions.php
> git ls-files --stage -- /home/ashley/work/phpscaffold/tmp/project/inc.functions.php
> git show --textconv :test.php
> git ls-files --stage -- /home/ashley/work/phpscaffold/test.php
> git show --textconv :tmp/project/inc.config.php
> git ls-files --stage -- /home/ashley/work/phpscaffold/tmp/project/inc.config.php
> git show --textconv :tmp/project/inc.functions.php
> git ls-files --stage -- /home/ashley/work/phpscaffold/tmp/project/inc.functions.php
> git show --textconv :tmp/project/inc.config.php
> git ls-files --stage -- /home/ashley/work/phpscaffold/tmp/project/inc.config.php
> git show --textconv :test.php
> git ls-files --stage -- /home/ashley/work/phpscaffold/test.php
> git show --textconv :tmp/project/inc.config.php
> git ls-files --stage -- /home/ashley/work/phpscaffold/tmp/project/inc.config.php
> git show --textconv :tmp/project/inc.functions.php
> git ls-files --stage -- /home/ashley/work/phpscaffold/tmp/project/inc.functions.php
> git show --textconv :tmp/project/jquery.datetimepicker.full.js
> git ls-files --stage -- /home/ashley/work/phpscaffold/tmp/project/jquery.datetimepicker.full.js
> git show --textconv :tmp/project/inc.functions.php
> git ls-files --stage -- /home/ashley/work/phpscaffold/tmp/project/inc.functions.php
> git show --textconv :test.php
> git ls-files --stage -- /home/ashley/work/phpscaffold/test.php
> git status -z -u
> git symbolic-ref --short HEAD
> git for-each-ref --format=%(refname)%00%(upstream:short)%00%(objectname)%00%(upstream:track) refs/heads/master refs/remotes/master
> git for-each-ref --sort -committerdate --format %(refname) %(objectname) %(*objectname)
> git remote --verbose
> git config --get commit.template
> git status -z -u
> git symbolic-ref --short HEAD
> git for-each-ref --format=%(refname)%00%(upstream:short)%00%(objectname)%00%(upstream:track) refs/heads/master refs/remotes/master
> git for-each-ref --sort -committerdate --format %(refname) %(objectname) %(*objectname)
> git remote --verbose
> git config --get commit.template
> git show --textconv :tmp/project/jquery.datetimepicker.full.js
> git ls-files --stage -- /home/ashley/work/phpscaffold/tmp/project/jquery.datetimepicker.full.js
> git show --textconv :test.php
> git ls-files --stage -- /home/ashley/work/phpscaffold/test.php
> git show --textconv :tmp/project/inc.functions.php
> git ls-files --stage -- /home/ashley/work/phpscaffold/tmp/project/inc.functions.php
> git show --textconv :test.php
> git ls-files --stage -- /home/ashley/work/phpscaffold/test.php
> git status -z -u
> git symbolic-ref --short HEAD
> git for-each-ref --format=%(refname)%00%(upstream:short)%00%(objectname)%00%(upstream:track) refs/heads/master refs/remotes/master
> git for-each-ref --sort -committerdate --format %(refname) %(objectname) %(*objectname)
> git remote --verbose
> git config --get commit.template
> git status -z -u
> git symbolic-ref --short HEAD
> git for-each-ref --format=%(refname)%00%(upstream:short)%00%(objectname)%00%(upstream:track) refs/heads/master refs/remotes/master
> git for-each-ref --sort -committerdate --format %(refname) %(objectname) %(*objectname)
> git remote --verbose
> git config --get commit.template
> git status -z -u
> git symbolic-ref --short HEAD
> git for-each-ref --format=%(refname)%00%(upstream:short)%00%(objectname)%00%(upstream:track) refs/heads/master refs/remotes/master
> git for-each-ref --sort -committerdate --format %(refname) %(objectname) %(*objectname)
> git remote --verbose
> git config --get commit.template
> git status -z -u
> git symbolic-ref --short HEAD
> git for-each-ref --format=%(refname)%00%(upstream:short)%00%(objectname)%00%(upstream:track) refs/heads/master refs/remotes/master
> git for-each-ref --sort -committerdate --format %(refname) %(objectname) %(*objectname)
> git remote --verbose
> git config --get commit.template
> git status -z -u
> git symbolic-ref --short HEAD
> git for-each-ref --format=%(refname)%00%(upstream:short)%00%(objectname)%00%(upstream:track) refs/heads/master refs/remotes/master
> git for-each-ref --sort -committerdate --format %(refname) %(objectname) %(*objectname)
> git remote --verbose
> git config --get commit.template
> git status -z -u
> git symbolic-ref --short HEAD
> git for-each-ref --format=%(refname)%00%(upstream:short)%00%(objectname)%00%(upstream:track) refs/heads/master refs/remotes/master
> git for-each-ref --sort -committerdate --format %(refname) %(objectname) %(*objectname)
> git remote --verbose
> git config --get commit.template
> git status -z -u
> git symbolic-ref --short HEAD
> git for-each-ref --format=%(refname)%00%(upstream:short)%00%(objectname)%00%(upstream:track) refs/heads/master refs/remotes/master
> git for-each-ref --sort -committerdate --format %(refname) %(objectname) %(*objectname)
> git remote --verbose
> git config --get commit.template
> git status -z -u
> git symbolic-ref --short HEAD
> git for-each-ref --format=%(refname)%00%(upstream:short)%00%(objectname)%00%(upstream:track) refs/heads/master refs/remotes/master
> git for-each-ref --sort -committerdate --format %(refname) %(objectname) %(*objectname)
> git remote --verbose
> git config --get commit.template
> git status -z -u
> git symbolic-ref --short HEAD
> git for-each-ref --format=%(refname)%00%(upstream:short)%00%(objectname)%00%(upstream:track) refs/heads/master refs/remotes/master
> git for-each-ref --sort -committerdate --format %(refname) %(objectname) %(*objectname)
> git remote --verbose
> git config --get commit.template
> git status -z -u
> git symbolic-ref --short HEAD
> git for-each-ref --format=%(refname)%00%(upstream:short)%00%(objectname)%00%(upstream:track) refs/heads/master refs/remotes/master
> git for-each-ref --sort -committerdate --format %(refname) %(objectname) %(*objectname)
> git remote --verbose
> git config --get commit.template
> git status -z -u
> git symbolic-ref --short HEAD
> git for-each-ref --format=%(refname)%00%(upstream:short)%00%(objectname)%00%(upstream:track) refs/heads/master refs/remotes/master
> git for-each-ref --sort -committerdate --format %(refname) %(objectname) %(*objectname)
> git remote --verbose
> git config --get commit.template
> git status -z -u
> git symbolic-ref --short HEAD
> git for-each-ref --format=%(refname)%00%(upstream:short)%00%(objectname)%00%(upstream:track) refs/heads/master refs/remotes/master
> git for-each-ref --sort -committerdate --format %(refname) %(objectname) %(*objectname)
> git remote --verbose
> git config --get commit.template
> git status -z -u
> git symbolic-ref --short HEAD
> git for-each-ref --format=%(refname)%00%(upstream:short)%00%(objectname)%00%(upstream:track) refs/heads/master refs/remotes/master
> git for-each-ref --sort -committerdate --format %(refname) %(objectname) %(*objectname)
> git remote --verbose
> git config --get commit.template
> git status -z -u
> git symbolic-ref --short HEAD
> git for-each-ref --format=%(refname)%00%(upstream:short)%00%(objectname)%00%(upstream:track) refs/heads/master refs/remotes/master
> git for-each-ref --sort -committerdate --format %(refname) %(objectname) %(*objectname)
> git remote --verbose
> git config --get commit.template
> git status -z -u
> git symbolic-ref --short HEAD
> git for-each-ref --format=%(refname)%00%(upstream:short)%00%(objectname)%00%(upstream:track) refs/heads/master refs/remotes/master
> git for-each-ref --sort -committerdate --format %(refname) %(objectname) %(*objectname)
> git remote --verbose
> git config --get commit.template
> git status -z -u
> git symbolic-ref --short HEAD
> git for-each-ref --format=%(refname)%00%(upstream:short)%00%(objectname)%00%(upstream:track) refs/heads/master refs/remotes/master
> git for-each-ref --sort -committerdate --format %(refname) %(objectname) %(*objectname)
> git remote --verbose
> git config --get commit.template
> git status -z -u
> git symbolic-ref --short HEAD
> git for-each-ref --format=%(refname)%00%(upstream:short)%00%(objectname)%00%(upstream:track) refs/heads/master refs/remotes/master
> git for-each-ref --sort -committerdate --format %(refname) %(objectname) %(*objectname)
> git remote --verbose
> git config --get commit.template
> git status -z -u
> git symbolic-ref --short HEAD
> git for-each-ref --format=%(refname)%00%(upstream:short)%00%(objectname)%00%(upstream:track) refs/heads/master refs/remotes/master
> git for-each-ref --sort -committerdate --format %(refname) %(objectname) %(*objectname)
> git remote --verbose
> git config --get commit.template
> git status -z -u
> git symbolic-ref --short HEAD
> git for-each-ref --format=%(refname)%00%(upstream:short)%00%(objectname)%00%(upstream:track) refs/heads/master refs/remotes/master
> git for-each-ref --sort -committerdate --format %(refname) %(objectname) %(*objectname)
> git remote --verbose
> git config --get commit.template
> git status -z -u
> git symbolic-ref --short HEAD
> git for-each-ref --format=%(refname)%00%(upstream:short)%00%(objectname)%00%(upstream:track) refs/heads/master refs/remotes/master
> git for-each-ref --sort -committerdate --format %(refname) %(objectname) %(*objectname)
> git remote --verbose
> git config --get commit.template
> git status -z -u
> git symbolic-ref --short HEAD
> git for-each-ref --format=%(refname)%00%(upstream:short)%00%(objectname)%00%(upstream:track) refs/heads/master refs/remotes/master
> git for-each-ref --sort -committerdate --format %(refname) %(objectname) %(*objectname)
> git remote --verbose
> git config --get commit.template
> git status -z -u
> git symbolic-ref --short HEAD
> git for-each-ref --format=%(refname)%00%(upstream:short)%00%(objectname)%00%(upstream:track) refs/heads/master refs/remotes/master
> git for-each-ref --sort -committerdate --format %(refname) %(objectname) %(*objectname)
> git remote --verbose
> git config --get commit.template
> git status -z -u
> git symbolic-ref --short HEAD
> git for-each-ref --format=%(refname)%00%(upstream:short)%00%(objectname)%00%(upstream:track) refs/heads/master refs/remotes/master
> git for-each-ref --sort -committerdate --format %(refname) %(objectname) %(*objectname)
> git remote --verbose
> git config --get commit.template
> git status -z -u
> git symbolic-ref --short HEAD
> git for-each-ref --format=%(refname)%00%(upstream:short)%00%(objectname)%00%(upstream:track) refs/heads/master refs/remotes/master
> git for-each-ref --sort -committerdate --format %(refname) %(objectname) %(*objectname)
> git remote --verbose
> git config --get commit.template
> git status -z -u
> git symbolic-ref --short HEAD
> git for-each-ref --format=%(refname)%00%(upstream:short)%00%(objectname)%00%(upstream:track) refs/heads/master refs/remotes/master
> git for-each-ref --sort -committerdate --format %(refname) %(objectname) %(*objectname)
> git remote --verbose
> git config --get commit.template
> git status -z -u
> git symbolic-ref --short HEAD
> git for-each-ref --format=%(refname)%00%(upstream:short)%00%(objectname)%00%(upstream:track) refs/heads/master refs/remotes/master
> git for-each-ref --sort -committerdate --format %(refname) %(objectname) %(*objectname)
> git remote --verbose
> git config --get commit.template
> git status -z -u
> git symbolic-ref --short HEAD
> git for-each-ref --format=%(refname)%00%(upstream:short)%00%(objectname)%00%(upstream:track) refs/heads/master refs/remotes/master
> git for-each-ref --sort -committerdate --format %(refname) %(objectname) %(*objectname)
> git remote --verbose
> git config --get commit.template
> git status -z -u
> git symbolic-ref --short HEAD
> git for-each-ref --format=%(refname)%00%(upstream:short)%00%(objectname)%00%(upstream:track) refs/heads/master refs/remotes/master
> git for-each-ref --sort -committerdate --format %(refname) %(objectname) %(*objectname)
> git remote --verbose
> git config --get commit.template
> git status -z -u
> git symbolic-ref --short HEAD
> git for-each-ref --format=%(refname)%00%(upstream:short)%00%(objectname)%00%(upstream:track) refs/heads/master refs/remotes/master
> git for-each-ref --sort -committerdate --format %(refname) %(objectname) %(*objectname)
> git remote --verbose
> git config --get commit.template
> git status -z -u
> git symbolic-ref --short HEAD
> git for-each-ref --format=%(refname)%00%(upstream:short)%00%(objectname)%00%(upstream:track) refs/heads/master refs/remotes/master
> git for-each-ref --sort -committerdate --format %(refname) %(objectname) %(*objectname)
> git remote --verbose
> git config --get commit.template
> git status -z -u
> git symbolic-ref --short HEAD
> git for-each-ref --format=%(refname)%00%(upstream:short)%00%(objectname)%00%(upstream:track) refs/heads/master refs/remotes/master
> git for-each-ref --sort -committerdate --format %(refname) %(objectname) %(*objectname)
> git remote --verbose
> git config --get commit.template
> git status -z -u
> git symbolic-ref --short HEAD
> git for-each-ref --format=%(refname)%00%(upstream:short)%00%(objectname)%00%(upstream:track) refs/heads/master refs/remotes/master
> git for-each-ref --sort -committerdate --format %(refname) %(objectname) %(*objectname)
> git remote --verbose
> git config --get commit.template
> git status -z -u
> git symbolic-ref --short HEAD
> git for-each-ref --format=%(refname)%00%(upstream:short)%00%(objectname)%00%(upstream:track) refs/heads/master refs/remotes/master
> git for-each-ref --sort -committerdate --format %(refname) %(objectname) %(*objectname)
> git remote --verbose
> git config --get commit.template
> git status -z -u
> git symbolic-ref --short HEAD
> git for-each-ref --format=%(refname)%00%(upstream:short)%00%(objectname)%00%(upstream:track) refs/heads/master refs/remotes/master
> git for-each-ref --sort -committerdate --format %(refname) %(objectname) %(*objectname)
> git remote --verbose
> git config --get commit.template
> git status -z -u
> git symbolic-ref --short HEAD
> git for-each-ref --format=%(refname)%00%(upstream:short)%00%(objectname)%00%(upstream:track) refs/heads/master refs/remotes/master
> git for-each-ref --sort -committerdate --format %(refname) %(objectname) %(*objectname)
> git remote --verbose
> git config --get commit.template
