[2021-07-30 09:15:06.742] [exthost] [info] extension host started
[2021-07-30 09:15:06.756] [exthost] [info] Lock '/home/ashley/.vscode-server/data/User/workspaceStorage/c832248a8825c62fafb6623298a22173/vscode.lock': Lock acquired.
[2021-07-30 09:15:06.793] [exthost] [info] ExtensionService#_doActivateExtension vscode.typescript-language-features {"startup":false,"extensionId":{"value":"vscode.typescript-language-features","_lower":"vscode.typescript-language-features"},"activationEvent":"onLanguage:javascript"}
[2021-07-30 09:15:06.794] [exthost] [info] ExtensionService#loadCommonJSModule file:///home/ashley/.vscode-server/bin/c3f126316369cd610563c75b1b1725e0679adfb3/extensions/typescript-language-features/dist/extension
[2021-07-30 09:15:06.825] [exthost] [info] ExtensionService#_doActivateExtension vscode.debug-auto-launch {"startup":true,"extensionId":{"value":"vscode.debug-auto-launch","_lower":"vscode.debug-auto-launch"},"activationEvent":"*"}
[2021-07-30 09:15:06.825] [exthost] [info] ExtensionService#loadCommonJSModule file:///home/ashley/.vscode-server/bin/c3f126316369cd610563c75b1b1725e0679adfb3/extensions/debug-auto-launch/dist/extension
[2021-07-30 09:15:06.827] [exthost] [info] ExtensionService#_doActivateExtension vscode.git {"startup":true,"extensionId":{"value":"vscode.github","_lower":"vscode.github"},"activationEvent":"*"}
[2021-07-30 09:15:06.827] [exthost] [info] ExtensionService#loadCommonJSModule file:///home/ashley/.vscode-server/bin/c3f126316369cd610563c75b1b1725e0679adfb3/extensions/git/dist/main
[2021-07-30 09:15:06.866] [exthost] [info] ExtensionService#_doActivateExtension 2gua.rainbow-brackets {"startup":true,"extensionId":{"value":"2gua.rainbow-brackets","_lower":"2gua.rainbow-brackets"},"activationEvent":"*"}
[2021-07-30 09:15:06.866] [exthost] [info] ExtensionService#loadCommonJSModule file:///home/ashley/.vscode-server/extensions/2gua.rainbow-brackets-0.0.6/out/src/extension
[2021-07-30 09:15:06.867] [exthost] [info] ExtensionService#_doActivateExtension ecmel.vscode-html-css {"startup":true,"extensionId":{"value":"ecmel.vscode-html-css","_lower":"ecmel.vscode-html-css"},"activationEvent":"*"}
[2021-07-30 09:15:06.867] [exthost] [info] ExtensionService#loadCommonJSModule file:///home/ashley/.vscode-server/extensions/ecmel.vscode-html-css-1.10.2/dist/extension.js
[2021-07-30 09:15:06.894] [exthost] [info] ExtensionService#_doActivateExtension HookyQR.beautify {"startup":true,"extensionId":{"value":"HookyQR.beautify","_lower":"hookyqr.beautify"},"activationEvent":"*"}
[2021-07-30 09:15:06.894] [exthost] [info] ExtensionService#loadCommonJSModule file:///home/ashley/.vscode-server/extensions/hookyqr.beautify-1.5.0/extension
[2021-07-30 09:15:06.914] [exthost] [info] ExtensionService#_doActivateExtension ritwickdey.LiveServer {"startup":true,"extensionId":{"value":"ritwickdey.LiveServer","_lower":"ritwickdey.liveserver"},"activationEvent":"*"}
[2021-07-30 09:15:06.914] [exthost] [info] ExtensionService#loadCommonJSModule file:///home/ashley/.vscode-server/extensions/ritwickdey.liveserver-5.6.1/out/src/extension
[2021-07-30 09:15:07.510] [exthost] [info] ExtensionService#_doActivateExtension vscode.github {"startup":true,"extensionId":{"value":"vscode.github","_lower":"vscode.github"},"activationEvent":"*"}
[2021-07-30 09:15:07.510] [exthost] [info] ExtensionService#loadCommonJSModule file:///home/ashley/.vscode-server/bin/c3f126316369cd610563c75b1b1725e0679adfb3/extensions/github/dist/extension.js
[2021-07-30 09:15:07.567] [exthost] [info] ExtensionService#_doActivateExtension vscode.emmet {"startup":false,"extensionId":{"value":"vscode.emmet","_lower":"vscode.emmet"},"activationEvent":"onStartupFinished"}
[2021-07-30 09:15:07.567] [exthost] [info] ExtensionService#loadCommonJSModule file:///home/ashley/.vscode-server/bin/c3f126316369cd610563c75b1b1725e0679adfb3/extensions/emmet/dist/node/emmetNodeMain
[2021-07-30 09:15:07.577] [exthost] [info] ExtensionService#_doActivateExtension vscode.merge-conflict {"startup":false,"extensionId":{"value":"vscode.merge-conflict","_lower":"vscode.merge-conflict"},"activationEvent":"onStartupFinished"}
[2021-07-30 09:15:07.577] [exthost] [info] ExtensionService#loadCommonJSModule file:///home/ashley/.vscode-server/bin/c3f126316369cd610563c75b1b1725e0679adfb3/extensions/merge-conflict/dist/mergeConflictMain
[2021-07-30 09:15:07.579] [exthost] [info] ExtensionService#_doActivateExtension vscode.testing-editor-contributions {"startup":false,"extensionId":{"value":"vscode.testing-editor-contributions","_lower":"vscode.testing-editor-contributions"},"activationEvent":"onStartupFinished"}
[2021-07-30 09:15:07.579] [exthost] [info] ExtensionService#loadCommonJSModule file:///home/ashley/.vscode-server/bin/c3f126316369cd610563c75b1b1725e0679adfb3/extensions/testing-editor-contributions/dist/extension.js
[2021-07-30 09:15:07.580] [exthost] [info] ExtensionService#_doActivateExtension eamodio.gitlens {"startup":false,"extensionId":{"value":"eamodio.gitlens","_lower":"eamodio.gitlens"},"activationEvent":"onStartupFinished"}
[2021-07-30 09:15:07.580] [exthost] [info] ExtensionService#loadCommonJSModule file:///home/ashley/.vscode-server/extensions/eamodio.gitlens-11.6.0/dist/gitlens
[2021-07-30 09:15:07.710] [exthost] [info] eager extensions activated
[2021-07-30 09:15:07.736] [exthost] [info] ExtensionService#_doActivateExtension ms-vscode.js-debug {"startup":false,"extensionId":{"value":"ms-vscode.js-debug","_lower":"ms-vscode.js-debug"},"activationEvent":"onCommand:extension.js-debug.clearAutoAttachVariables"}
[2021-07-30 09:15:07.736] [exthost] [info] ExtensionService#loadCommonJSModule file:///home/ashley/.vscode-server/bin/c3f126316369cd610563c75b1b1725e0679adfb3/extensions/ms-vscode.js-debug/src/extension.js
[2021-07-30 09:29:16.990] [exthost] [info] ExtensionService#_doActivateExtension vscode.extension-editing {"startup":false,"extensionId":{"value":"vscode.extension-editing","_lower":"vscode.extension-editing"},"activationEvent":"onLanguage:typescript"}
[2021-07-30 09:29:16.990] [exthost] [info] ExtensionService#loadCommonJSModule file:///home/ashley/.vscode-server/bin/c3f126316369cd610563c75b1b1725e0679adfb3/extensions/extension-editing/dist/extensionEditingMain
[2021-07-30 09:32:43.302] [exthost] [info] ExtensionService#_doActivateExtension vscode.html-language-features {"startup":false,"extensionId":{"value":"vscode.html-language-features","_lower":"vscode.html-language-features"},"activationEvent":"onLanguage:html"}
[2021-07-30 09:32:43.302] [exthost] [info] ExtensionService#loadCommonJSModule file:///home/ashley/.vscode-server/bin/c3f126316369cd610563c75b1b1725e0679adfb3/extensions/html-language-features/client/dist/node/htmlClientMain
[2021-07-30 09:32:49.844] [exthost] [warning] TextEditor is closed/disposed
[2021-07-30 09:32:54.337] [exthost] [info] ExtensionService#_doActivateExtension vscode.configuration-editing {"startup":false,"extensionId":{"value":"vscode.configuration-editing","_lower":"vscode.configuration-editing"},"activationEvent":"onLanguage:jsonc"}
[2021-07-30 09:32:54.337] [exthost] [info] ExtensionService#loadCommonJSModule file:///home/ashley/.vscode-server/bin/c3f126316369cd610563c75b1b1725e0679adfb3/extensions/configuration-editing/dist/configurationEditingMain
[2021-07-30 09:32:54.342] [exthost] [info] ExtensionService#_doActivateExtension vscode.json-language-features {"startup":false,"extensionId":{"value":"vscode.json-language-features","_lower":"vscode.json-language-features"},"activationEvent":"onLanguage:jsonc"}
[2021-07-30 09:32:54.343] [exthost] [info] ExtensionService#loadCommonJSModule file:///home/ashley/.vscode-server/bin/c3f126316369cd610563c75b1b1725e0679adfb3/extensions/json-language-features/client/dist/node/jsonClientMain
[2021-07-30 09:33:06.954] [exthost] [warning] TextEditor is closed/disposed
[2021-07-30 09:46:02.101] [exthost] [error] [ecmel.vscode-html-css] provider FAILED
[2021-07-30 09:46:02.101] [exthost] [error] undefined
[2021-07-30 09:46:02.221] [exthost] [error] [ecmel.vscode-html-css] provider FAILED
[2021-07-30 09:46:02.221] [exthost] [error] undefined
[2021-07-30 09:46:02.412] [exthost] [error] [ecmel.vscode-html-css] provider FAILED
[2021-07-30 09:46:02.412] [exthost] [error] undefined
[2021-07-30 09:46:02.505] [exthost] [error] [ecmel.vscode-html-css] provider FAILED
[2021-07-30 09:46:02.505] [exthost] [error] undefined
[2021-07-30 09:46:16.010] [exthost] [error] [ecmel.vscode-html-css] provider FAILED
[2021-07-30 09:46:16.010] [exthost] [error] undefined
[2021-07-30 09:46:16.138] [exthost] [error] [ecmel.vscode-html-css] provider FAILED
[2021-07-30 09:46:16.138] [exthost] [error] undefined
[2021-07-30 09:46:16.265] [exthost] [error] [ecmel.vscode-html-css] provider FAILED
[2021-07-30 09:46:16.265] [exthost] [error] undefined
[2021-07-30 09:46:50.919] [exthost] [info] ExtensionService#_doActivateExtension vscode.css-language-features {"startup":false,"extensionId":{"value":"vscode.css-language-features","_lower":"vscode.css-language-features"},"activationEvent":"onLanguage:css"}
[2021-07-30 09:46:50.919] [exthost] [info] ExtensionService#loadCommonJSModule file:///home/ashley/.vscode-server/bin/c3f126316369cd610563c75b1b1725e0679adfb3/extensions/css-language-features/client/dist/node/cssClientMain
[2021-07-30 10:01:18.607] [exthost] [info] ExtensionService#_doActivateExtension vscode.npm {"startup":false,"extensionId":{"value":"vscode.npm","_lower":"vscode.npm"},"activationEvent":"onLanguage:json"}
[2021-07-30 10:01:18.607] [exthost] [info] ExtensionService#loadCommonJSModule file:///home/ashley/.vscode-server/bin/c3f126316369cd610563c75b1b1725e0679adfb3/extensions/npm/dist/npmMain
[2021-07-30 10:03:14.454] [exthost] [info] ExtensionService#_doActivateExtension vscode.markdown-language-features {"startup":false,"extensionId":{"value":"vscode.markdown-language-features","_lower":"vscode.markdown-language-features"},"activationEvent":"onLanguage:markdown"}
[2021-07-30 10:03:14.454] [exthost] [info] ExtensionService#loadCommonJSModule file:///home/ashley/.vscode-server/bin/c3f126316369cd610563c75b1b1725e0679adfb3/extensions/markdown-language-features/dist/extension
[2021-07-30 10:03:14.665] [exthost] [info] ExtensionService#_doActivateExtension vscode.markdown-math {"startup":false,"extensionId":{"value":"vscode.markdown-language-features","_lower":"vscode.markdown-language-features"},"activationEvent":"api"}
[2021-07-30 10:03:14.665] [exthost] [info] ExtensionService#loadCommonJSModule file:///home/ashley/.vscode-server/bin/c3f126316369cd610563c75b1b1725e0679adfb3/extensions/markdown-math/dist/extension
[2021-07-30 10:03:20.910] [exthost] [warning] TextEditor is closed/disposed
[2021-07-30 10:03:31.915] [exthost] [warning] TextEditor is closed/disposed
[2021-07-30 10:37:19.844] [exthost] [error] [vscode.typescript-language-features] provider FAILED
[2021-07-30 10:37:19.844] [exthost] [error] Error: <semantic> TypeScript Server Error (4.3.5)
Debug Failure. Did not expect JsxSelfClosingElement to have an Identifier in its trivia
Error: Debug Failure. Did not expect JsxSelfClosingElement to have an Identifier in its trivia
    at addSyntheticNodes (/home/ashley/.vscode-server/bin/c3f126316369cd610563c75b1b1725e0679adfb3/extensions/node_modules/typescript/lib/tsserver.js:152205:30)
    at createChildren (/home/ashley/.vscode-server/bin/c3f126316369cd610563c75b1b1725e0679adfb3/extensions/node_modules/typescript/lib/tsserver.js:152194:9)
    at NodeObject.getChildren (/home/ashley/.vscode-server/bin/c3f126316369cd610563c75b1b1725e0679adfb3/extensions/node_modules/typescript/lib/tsserver.js:152138:56)
    at find (/home/ashley/.vscode-server/bin/c3f126316369cd610563c75b1b1725e0679adfb3/extensions/node_modules/typescript/lib/tsserver.js:119132:30)
    at find (/home/ashley/.vscode-server/bin/c3f126316369cd610563c75b1b1725e0679adfb3/extensions/node_modules/typescript/lib/tsserver.js:119166:32)
    at find (/home/ashley/.vscode-server/bin/c3f126316369cd610563c75b1b1725e0679adfb3/extensions/node_modules/typescript/lib/tsserver.js:119166:32)
    at find (/home/ashley/.vscode-server/bin/c3f126316369cd610563c75b1b1725e0679adfb3/extensions/node_modules/typescript/lib/tsserver.js:119166:32)
    at find (/home/ashley/.vscode-server/bin/c3f126316369cd610563c75b1b1725e0679adfb3/extensions/node_modules/typescript/lib/tsserver.js:119166:32)
    at find (/home/ashley/.vscode-server/bin/c3f126316369cd610563c75b1b1725e0679adfb3/extensions/node_modules/typescript/lib/tsserver.js:119166:32)
    at find (/home/ashley/.vscode-server/bin/c3f126316369cd610563c75b1b1725e0679adfb3/extensions/node_modules/typescript/lib/tsserver.js:119166:32)
    at find (/home/ashley/.vscode-server/bin/c3f126316369cd610563c75b1b1725e0679adfb3/extensions/node_modules/typescript/lib/tsserver.js:119166:32)
    at find (/home/ashley/.vscode-server/bin/c3f126316369cd610563c75b1b1725e0679adfb3/extensions/node_modules/typescript/lib/tsserver.js:119166:32)
    at find (/home/ashley/.vscode-server/bin/c3f126316369cd610563c75b1b1725e0679adfb3/extensions/node_modules/typescript/lib/tsserver.js:119166:32)
    at find (/home/ashley/.vscode-server/bin/c3f126316369cd610563c75b1b1725e0679adfb3/extensions/node_modules/typescript/lib/tsserver.js:119166:32)
    at find (/home/ashley/.vscode-server/bin/c3f126316369cd610563c75b1b1725e0679adfb3/extensions/node_modules/typescript/lib/tsserver.js:119166:32)
    at find (/home/ashley/.vscode-server/bin/c3f126316369cd610563c75b1b1725e0679adfb3/extensions/node_modules/typescript/lib/tsserver.js:119166:32)
    at find (/home/ashley/.vscode-server/bin/c3f126316369cd610563c75b1b1725e0679adfb3/extensions/node_modules/typescript/lib/tsserver.js:119166:32)
    at Object.findPrecedingToken (/home/ashley/.vscode-server/bin/c3f126316369cd610563c75b1b1725e0679adfb3/extensions/node_modules/typescript/lib/tsserver.js:119125:22)
    at Object.getCompletionsAtPosition (/home/ashley/.vscode-server/bin/c3f126316369cd610563c75b1b1725e0679adfb3/extensions/node_modules/typescript/lib/tsserver.js:123155:35)
    at Proxy.getCompletionsAtPosition (/home/ashley/.vscode-server/bin/c3f126316369cd610563c75b1b1725e0679adfb3/extensions/node_modules/typescript/lib/tsserver.js:153364:35)
    at IOSession.Session.getCompletions (/home/ashley/.vscode-server/bin/c3f126316369cd610563c75b1b1725e0679adfb3/extensions/node_modules/typescript/lib/tsserver.js:164561:64)
    at Session.handlers.ts.Map.ts.getEntries._a.<computed> (/home/ashley/.vscode-server/bin/c3f126316369cd610563c75b1b1725e0679adfb3/extensions/node_modules/typescript/lib/tsserver.js:163422:61)
    at /home/ashley/.vscode-server/bin/c3f126316369cd610563c75b1b1725e0679adfb3/extensions/node_modules/typescript/lib/tsserver.js:165210:88
    at IOSession.Session.executeWithRequestId (/home/ashley/.vscode-server/bin/c3f126316369cd610563c75b1b1725e0679adfb3/extensions/node_modules/typescript/lib/tsserver.js:165201:28)
    at IOSession.Session.executeCommand (/home/ashley/.vscode-server/bin/c3f126316369cd610563c75b1b1725e0679adfb3/extensions/node_modules/typescript/lib/tsserver.js:165210:33)
    at IOSession.Session.onMessage (/home/ashley/.vscode-server/bin/c3f126316369cd610563c75b1b1725e0679adfb3/extensions/node_modules/typescript/lib/tsserver.js:165236:35)
    at Interface.<anonymous> (/home/ashley/.vscode-server/bin/c3f126316369cd610563c75b1b1725e0679adfb3/extensions/node_modules/typescript/lib/tsserver.js:167833:31)
    at Interface.emit (events.js:315:20)
    at Interface._onLine (readline.js:337:10)
    at Interface._normalWrite (readline.js:482:12)
    at Socket.ondata (readline.js:194:10)
    at Socket.emit (events.js:315:20)
    at addChunk (internal/streams/readable.js:309:12)
    at readableAddChunk (internal/streams/readable.js:284:9)
    at Socket.Readable.push (internal/streams/readable.js:223:10)
    at Pipe.onStreamRead (internal/stream_base_commons.js:188:23)
	at Function.create (/home/ashley/.vscode-server/bin/c3f126316369cd610563c75b1b1725e0679adfb3/extensions/typescript-language-features/dist/extension.js:1:75771)
	at dispatchResponse (/home/ashley/.vscode-server/bin/c3f126316369cd610563c75b1b1725e0679adfb3/extensions/typescript-language-features/dist/extension.js:1:69635)
	at dispatchMessage (/home/ashley/.vscode-server/bin/c3f126316369cd610563c75b1b1725e0679adfb3/extensions/typescript-language-features/dist/extension.js:1:68494)
	at /home/ashley/.vscode-server/bin/c3f126316369cd610563c75b1b1725e0679adfb3/extensions/typescript-language-features/dist/extension.js:1:67984
	at d.fire (/home/ashley/.vscode-server/bin/c3f126316369cd610563c75b1b1725e0679adfb3/out/vs/server/remoteExtensionHostProcess.js:57:1726)
	at g.onLengthData (/home/ashley/.vscode-server/bin/c3f126316369cd610563c75b1b1725e0679adfb3/extensions/typescript-language-features/dist/extension.js:1:434581)
	at Socket.<anonymous> (/home/ashley/.vscode-server/bin/c3f126316369cd610563c75b1b1725e0679adfb3/extensions/typescript-language-features/dist/extension.js:1:434229)
	at Socket.emit (events.js:315:20)
	at addChunk (internal/streams/readable.js:309:12)
	at readableAddChunk (internal/streams/readable.js:284:9)
	at Socket.Readable.push (internal/streams/readable.js:223:10)
	at Pipe.onStreamRead (internal/stream_base_commons.js:188:23)
[2021-07-30 10:37:20.901] [exthost] [error] [vscode.typescript-language-features] provider FAILED
[2021-07-30 10:37:20.901] [exthost] [error] Error: <semantic> TypeScript Server Error (4.3.5)
Debug Failure. Did not expect JsxSelfClosingElement to have an Identifier in its trivia
Error: Debug Failure. Did not expect JsxSelfClosingElement to have an Identifier in its trivia
    at addSyntheticNodes (/home/ashley/.vscode-server/bin/c3f126316369cd610563c75b1b1725e0679adfb3/extensions/node_modules/typescript/lib/tsserver.js:152205:30)
    at createChildren (/home/ashley/.vscode-server/bin/c3f126316369cd610563c75b1b1725e0679adfb3/extensions/node_modules/typescript/lib/tsserver.js:152194:9)
    at NodeObject.getChildren (/home/ashley/.vscode-server/bin/c3f126316369cd610563c75b1b1725e0679adfb3/extensions/node_modules/typescript/lib/tsserver.js:152138:56)
    at find (/home/ashley/.vscode-server/bin/c3f126316369cd610563c75b1b1725e0679adfb3/extensions/node_modules/typescript/lib/tsserver.js:119132:30)
    at find (/home/ashley/.vscode-server/bin/c3f126316369cd610563c75b1b1725e0679adfb3/extensions/node_modules/typescript/lib/tsserver.js:119166:32)
    at find (/home/ashley/.vscode-server/bin/c3f126316369cd610563c75b1b1725e0679adfb3/extensions/node_modules/typescript/lib/tsserver.js:119166:32)
    at find (/home/ashley/.vscode-server/bin/c3f126316369cd610563c75b1b1725e0679adfb3/extensions/node_modules/typescript/lib/tsserver.js:119166:32)
    at find (/home/ashley/.vscode-server/bin/c3f126316369cd610563c75b1b1725e0679adfb3/extensions/node_modules/typescript/lib/tsserver.js:119166:32)
    at find (/home/ashley/.vscode-server/bin/c3f126316369cd610563c75b1b1725e0679adfb3/extensions/node_modules/typescript/lib/tsserver.js:119166:32)
    at find (/home/ashley/.vscode-server/bin/c3f126316369cd610563c75b1b1725e0679adfb3/extensions/node_modules/typescript/lib/tsserver.js:119166:32)
    at find (/home/ashley/.vscode-server/bin/c3f126316369cd610563c75b1b1725e0679adfb3/extensions/node_modules/typescript/lib/tsserver.js:119166:32)
    at find (/home/ashley/.vscode-server/bin/c3f126316369cd610563c75b1b1725e0679adfb3/extensions/node_modules/typescript/lib/tsserver.js:119166:32)
    at find (/home/ashley/.vscode-server/bin/c3f126316369cd610563c75b1b1725e0679adfb3/extensions/node_modules/typescript/lib/tsserver.js:119166:32)
    at find (/home/ashley/.vscode-server/bin/c3f126316369cd610563c75b1b1725e0679adfb3/extensions/node_modules/typescript/lib/tsserver.js:119166:32)
    at find (/home/ashley/.vscode-server/bin/c3f126316369cd610563c75b1b1725e0679adfb3/extensions/node_modules/typescript/lib/tsserver.js:119166:32)
    at find (/home/ashley/.vscode-server/bin/c3f126316369cd610563c75b1b1725e0679adfb3/extensions/node_modules/typescript/lib/tsserver.js:119166:32)
    at find (/home/ashley/.vscode-server/bin/c3f126316369cd610563c75b1b1725e0679adfb3/extensions/node_modules/typescript/lib/tsserver.js:119166:32)
    at Object.findPrecedingToken (/home/ashley/.vscode-server/bin/c3f126316369cd610563c75b1b1725e0679adfb3/extensions/node_modules/typescript/lib/tsserver.js:119125:22)
    at Object.getCompletionsAtPosition (/home/ashley/.vscode-server/bin/c3f126316369cd610563c75b1b1725e0679adfb3/extensions/node_modules/typescript/lib/tsserver.js:123155:35)
    at Proxy.getCompletionsAtPosition (/home/ashley/.vscode-server/bin/c3f126316369cd610563c75b1b1725e0679adfb3/extensions/node_modules/typescript/lib/tsserver.js:153364:35)
    at IOSession.Session.getCompletions (/home/ashley/.vscode-server/bin/c3f126316369cd610563c75b1b1725e0679adfb3/extensions/node_modules/typescript/lib/tsserver.js:164561:64)
    at Session.handlers.ts.Map.ts.getEntries._a.<computed> (/home/ashley/.vscode-server/bin/c3f126316369cd610563c75b1b1725e0679adfb3/extensions/node_modules/typescript/lib/tsserver.js:163422:61)
    at /home/ashley/.vscode-server/bin/c3f126316369cd610563c75b1b1725e0679adfb3/extensions/node_modules/typescript/lib/tsserver.js:165210:88
    at IOSession.Session.executeWithRequestId (/home/ashley/.vscode-server/bin/c3f126316369cd610563c75b1b1725e0679adfb3/extensions/node_modules/typescript/lib/tsserver.js:165201:28)
    at IOSession.Session.executeCommand (/home/ashley/.vscode-server/bin/c3f126316369cd610563c75b1b1725e0679adfb3/extensions/node_modules/typescript/lib/tsserver.js:165210:33)
    at IOSession.Session.onMessage (/home/ashley/.vscode-server/bin/c3f126316369cd610563c75b1b1725e0679adfb3/extensions/node_modules/typescript/lib/tsserver.js:165236:35)
    at Interface.<anonymous> (/home/ashley/.vscode-server/bin/c3f126316369cd610563c75b1b1725e0679adfb3/extensions/node_modules/typescript/lib/tsserver.js:167833:31)
    at Interface.emit (events.js:315:20)
    at Interface._onLine (readline.js:337:10)
    at Interface._normalWrite (readline.js:482:12)
    at Socket.ondata (readline.js:194:10)
    at Socket.emit (events.js:315:20)
    at addChunk (internal/streams/readable.js:309:12)
    at readableAddChunk (internal/streams/readable.js:284:9)
    at Socket.Readable.push (internal/streams/readable.js:223:10)
    at Pipe.onStreamRead (internal/stream_base_commons.js:188:23)
	at Function.create (/home/ashley/.vscode-server/bin/c3f126316369cd610563c75b1b1725e0679adfb3/extensions/typescript-language-features/dist/extension.js:1:75771)
	at dispatchResponse (/home/ashley/.vscode-server/bin/c3f126316369cd610563c75b1b1725e0679adfb3/extensions/typescript-language-features/dist/extension.js:1:69635)
	at dispatchMessage (/home/ashley/.vscode-server/bin/c3f126316369cd610563c75b1b1725e0679adfb3/extensions/typescript-language-features/dist/extension.js:1:68494)
	at /home/ashley/.vscode-server/bin/c3f126316369cd610563c75b1b1725e0679adfb3/extensions/typescript-language-features/dist/extension.js:1:67984
	at d.fire (/home/ashley/.vscode-server/bin/c3f126316369cd610563c75b1b1725e0679adfb3/out/vs/server/remoteExtensionHostProcess.js:57:1726)
	at g.onLengthData (/home/ashley/.vscode-server/bin/c3f126316369cd610563c75b1b1725e0679adfb3/extensions/typescript-language-features/dist/extension.js:1:434581)
	at Socket.<anonymous> (/home/ashley/.vscode-server/bin/c3f126316369cd610563c75b1b1725e0679adfb3/extensions/typescript-language-features/dist/extension.js:1:434229)
	at Socket.emit (events.js:315:20)
	at addChunk (internal/streams/readable.js:309:12)
	at readableAddChunk (internal/streams/readable.js:284:9)
	at Socket.Readable.push (internal/streams/readable.js:223:10)
	at Pipe.onStreamRead (internal/stream_base_commons.js:188:23)
[2021-07-30 11:17:17.144] [exthost] [warning] TextEditor is closed/disposed
[2021-07-30 11:17:20.238] [exthost] [warning] TextEditor is closed/disposed
[2021-07-30 13:05:27.756] [exthost] [warning] TextEditor is closed/disposed
[2021-07-30 13:07:11.293] [exthost] [warning] TextEditor is closed/disposed
[2021-07-30 15:51:13.304] [exthost] [warning] TextEditor is closed/disposed
[2021-07-30 15:51:17.013] [exthost] [warning] TextEditor is closed/disposed
[2021-07-30 18:05:35.385] [exthost] [info] extension host terminating: received terminate message from renderer
[2021-07-30 18:05:35.386] [exthost] [info] Lock '/home/ashley/.vscode-server/data/User/workspaceStorage/c832248a8825c62fafb6623298a22173/vscode.lock': Marking the lockfile as scheduled to be released in 6000 ms.
[2021-07-30 18:05:36.576] [exthost] [info] exiting with code 0
