[2021-08-03 09:03:12.460] [exthost] [info] extension host started
[2021-08-03 09:03:12.478] [exthost] [info] Lock '/home/ashley/.vscode-server/data/User/workspaceStorage/e0c54e548bf71f6c20615e9601614863/vscode.lock': Lock acquired.
[2021-08-03 09:03:12.515] [exthost] [info] ExtensionService#_doActivateExtension vscode.php-language-features {"startup":false,"extensionId":{"value":"vscode.php-language-features","_lower":"vscode.php-language-features"},"activationEvent":"onLanguage:php"}
[2021-08-03 09:03:12.515] [exthost] [info] ExtensionService#loadCommonJSModule file:///home/ashley/.vscode-server/bin/c3f126316369cd610563c75b1b1725e0679adfb3/extensions/php-language-features/dist/phpMain
[2021-08-03 09:03:12.532] [exthost] [info] ExtensionService#_doActivateExtension bmewburn.vscode-intelephense-client {"startup":false,"extensionId":{"value":"bmewburn.vscode-intelephense-client","_lower":"bmewburn.vscode-intelephense-client"},"activationEvent":"onLanguage:php"}
[2021-08-03 09:03:12.532] [exthost] [info] ExtensionService#loadCommonJSModule file:///home/ashley/.vscode-server/extensions/bmewburn.vscode-intelephense-client-1.7.1/lib/extension
[2021-08-03 09:03:12.575] [exthost] [info] ExtensionService#_doActivateExtension vscode.debug-auto-launch {"startup":true,"extensionId":{"value":"vscode.debug-auto-launch","_lower":"vscode.debug-auto-launch"},"activationEvent":"*"}
[2021-08-03 09:03:12.575] [exthost] [info] ExtensionService#loadCommonJSModule file:///home/ashley/.vscode-server/bin/c3f126316369cd610563c75b1b1725e0679adfb3/extensions/debug-auto-launch/dist/extension
[2021-08-03 09:03:12.581] [exthost] [info] ExtensionService#_doActivateExtension vscode.git {"startup":true,"extensionId":{"value":"vscode.github","_lower":"vscode.github"},"activationEvent":"*"}
[2021-08-03 09:03:12.581] [exthost] [info] ExtensionService#loadCommonJSModule file:///home/ashley/.vscode-server/bin/c3f126316369cd610563c75b1b1725e0679adfb3/extensions/git/dist/main
[2021-08-03 09:03:12.634] [exthost] [info] ExtensionService#_doActivateExtension 2gua.rainbow-brackets {"startup":true,"extensionId":{"value":"2gua.rainbow-brackets","_lower":"2gua.rainbow-brackets"},"activationEvent":"*"}
[2021-08-03 09:03:12.634] [exthost] [info] ExtensionService#loadCommonJSModule file:///home/ashley/.vscode-server/extensions/2gua.rainbow-brackets-0.0.6/out/src/extension
[2021-08-03 09:03:12.636] [exthost] [info] ExtensionService#_doActivateExtension ecmel.vscode-html-css {"startup":true,"extensionId":{"value":"ecmel.vscode-html-css","_lower":"ecmel.vscode-html-css"},"activationEvent":"*"}
[2021-08-03 09:03:12.637] [exthost] [info] ExtensionService#loadCommonJSModule file:///home/ashley/.vscode-server/extensions/ecmel.vscode-html-css-1.10.2/dist/extension.js
[2021-08-03 09:03:12.674] [exthost] [info] ExtensionService#_doActivateExtension HookyQR.beautify {"startup":true,"extensionId":{"value":"HookyQR.beautify","_lower":"hookyqr.beautify"},"activationEvent":"*"}
[2021-08-03 09:03:12.674] [exthost] [info] ExtensionService#loadCommonJSModule file:///home/ashley/.vscode-server/extensions/hookyqr.beautify-1.5.0/extension
[2021-08-03 09:03:12.720] [exthost] [info] ExtensionService#_doActivateExtension ritwickdey.LiveServer {"startup":true,"extensionId":{"value":"ritwickdey.LiveServer","_lower":"ritwickdey.liveserver"},"activationEvent":"*"}
[2021-08-03 09:03:12.720] [exthost] [info] ExtensionService#loadCommonJSModule file:///home/ashley/.vscode-server/extensions/ritwickdey.liveserver-5.6.1/out/src/extension
[2021-08-03 09:03:13.299] [exthost] [info] ExtensionService#_doActivateExtension vscode.github {"startup":true,"extensionId":{"value":"vscode.github","_lower":"vscode.github"},"activationEvent":"*"}
[2021-08-03 09:03:13.299] [exthost] [info] ExtensionService#loadCommonJSModule file:///home/ashley/.vscode-server/bin/c3f126316369cd610563c75b1b1725e0679adfb3/extensions/github/dist/extension.js
[2021-08-03 09:03:13.343] [exthost] [info] ExtensionService#_doActivateExtension ms-vscode.js-debug {"startup":false,"extensionId":{"value":"ms-vscode.js-debug","_lower":"ms-vscode.js-debug"},"activationEvent":"onCommand:extension.js-debug.clearAutoAttachVariables"}
[2021-08-03 09:03:13.343] [exthost] [info] ExtensionService#loadCommonJSModule file:///home/ashley/.vscode-server/bin/c3f126316369cd610563c75b1b1725e0679adfb3/extensions/ms-vscode.js-debug/src/extension.js
[2021-08-03 09:03:13.553] [exthost] [info] ExtensionService#_doActivateExtension vscode.emmet {"startup":false,"extensionId":{"value":"vscode.emmet","_lower":"vscode.emmet"},"activationEvent":"onStartupFinished"}
[2021-08-03 09:03:13.553] [exthost] [info] ExtensionService#loadCommonJSModule file:///home/ashley/.vscode-server/bin/c3f126316369cd610563c75b1b1725e0679adfb3/extensions/emmet/dist/node/emmetNodeMain
[2021-08-03 09:03:13.566] [exthost] [info] ExtensionService#_doActivateExtension vscode.merge-conflict {"startup":false,"extensionId":{"value":"vscode.merge-conflict","_lower":"vscode.merge-conflict"},"activationEvent":"onStartupFinished"}
[2021-08-03 09:03:13.566] [exthost] [info] ExtensionService#loadCommonJSModule file:///home/ashley/.vscode-server/bin/c3f126316369cd610563c75b1b1725e0679adfb3/extensions/merge-conflict/dist/mergeConflictMain
[2021-08-03 09:03:13.570] [exthost] [info] ExtensionService#_doActivateExtension vscode.testing-editor-contributions {"startup":false,"extensionId":{"value":"vscode.testing-editor-contributions","_lower":"vscode.testing-editor-contributions"},"activationEvent":"onStartupFinished"}
[2021-08-03 09:03:13.570] [exthost] [info] ExtensionService#loadCommonJSModule file:///home/ashley/.vscode-server/bin/c3f126316369cd610563c75b1b1725e0679adfb3/extensions/testing-editor-contributions/dist/extension.js
[2021-08-03 09:03:13.572] [exthost] [info] ExtensionService#_doActivateExtension eamodio.gitlens {"startup":false,"extensionId":{"value":"eamodio.gitlens","_lower":"eamodio.gitlens"},"activationEvent":"onStartupFinished"}
[2021-08-03 09:03:13.572] [exthost] [info] ExtensionService#loadCommonJSModule file:///home/ashley/.vscode-server/extensions/eamodio.gitlens-11.6.0/dist/gitlens
[2021-08-03 09:03:13.737] [exthost] [info] eager extensions activated
