Validating found git in: git
Using git 2.25.1 from git
> git rev-parse --git-dir
Open repository: /home/ashley/work/phpscaffold
> git status -z -u
> git symbolic-ref --short HEAD
> git for-each-ref --format=%(refname)%00%(upstream:short)%00%(objectname)%00%(upstream:track) refs/heads/master refs/remotes/master
> git for-each-ref --sort -committerdate --format %(refname) %(objectname) %(*objectname)
> git remote --verbose
> git config --get commit.template
> git check-ignore -v -z --stdin
> git show --textconv :test.php
> git show --textconv :result.php
> git ls-files --stage -- /home/ashley/work/phpscaffold/test.php
> git ls-files --stage -- /home/ashley/work/phpscaffold/result.php
> git cat-file -s 8a3e02a8f4db42bff7500e7be247977854ac3f66
> git add -A -- /home/ashley/work/phpscaffold/test.php /home/ashley/work/phpscaffold/result.php
> git status -z -u
> git symbolic-ref --short HEAD
> git for-each-ref --format=%(refname)%00%(upstream:short)%00%(objectname)%00%(upstream:track) refs/heads/master refs/remotes/master
> git for-each-ref --sort -committerdate --format %(refname) %(objectname) %(*objectname)
> git remote --verbose
> git config --get commit.template
> git ls-files --stage -- /home/ashley/work/phpscaffold/test.php
> git ls-files --stage -- /home/ashley/work/phpscaffold/result.php
> git cat-file -s 214fb956ab1ea1433c2f191d6d38ec4fe8435634
> git cat-file -s 60db6b4b29a1570be4e7dc73d0d844d29180f143
> git show --textconv :test.php
> git show --textconv :result.php
> git status -z -u
> git symbolic-ref --short HEAD
> git for-each-ref --format=%(refname)%00%(upstream:short)%00%(objectname)%00%(upstream:track) refs/heads/master refs/remotes/master
> git for-each-ref --sort -committerdate --format %(refname) %(objectname) %(*objectname)
> git remote --verbose
> git config --get commit.template
> git status -z -u
> git symbolic-ref --short HEAD
> git for-each-ref --format=%(refname)%00%(upstream:short)%00%(objectname)%00%(upstream:track) refs/heads/master refs/remotes/master
> git for-each-ref --sort -committerdate --format %(refname) %(objectname) %(*objectname)
> git remote --verbose
> git config --get commit.template
> git ls-files --stage -- /home/ashley/work/phpscaffold/test.php
> git ls-files --stage -- /home/ashley/work/phpscaffold/result.php
> git cat-file -s 214fb956ab1ea1433c2f191d6d38ec4fe8435634
> git cat-file -s 60db6b4b29a1570be4e7dc73d0d844d29180f143
> git show --textconv :test.php
> git show --textconv :result.php
> git ls-files --stage -- /home/ashley/work/phpscaffold/test.php
> git ls-files --stage -- /home/ashley/work/phpscaffold/result.php
> git cat-file -s 214fb956ab1ea1433c2f191d6d38ec4fe8435634
> git cat-file -s 60db6b4b29a1570be4e7dc73d0d844d29180f143
> git show --textconv :test.php
> git show --textconv :result.php
> git status -z -u
> git symbolic-ref --short HEAD
> git for-each-ref --format=%(refname)%00%(upstream:short)%00%(objectname)%00%(upstream:track) refs/heads/master refs/remotes/master
> git for-each-ref --sort -committerdate --format %(refname) %(objectname) %(*objectname)
> git remote --verbose
> git config --get commit.template
> git status -z -u
> git symbolic-ref --short HEAD
> git for-each-ref --format=%(refname)%00%(upstream:short)%00%(objectname)%00%(upstream:track) refs/heads/master refs/remotes/master
> git for-each-ref --sort -committerdate --format %(refname) %(objectname) %(*objectname)
> git remote --verbose
> git config --get commit.template
> git ls-files --stage -- /home/ashley/work/phpscaffold/test.php
> git ls-files --stage -- /home/ashley/work/phpscaffold/result.php
> git cat-file -s 214fb956ab1ea1433c2f191d6d38ec4fe8435634
> git cat-file -s 60db6b4b29a1570be4e7dc73d0d844d29180f143
> git show --textconv :test.php
> git show --textconv :result.php
> git status -z -u
> git symbolic-ref --short HEAD
> git for-each-ref --format=%(refname)%00%(upstream:short)%00%(objectname)%00%(upstream:track) refs/heads/master refs/remotes/master
> git for-each-ref --sort -committerdate --format %(refname) %(objectname) %(*objectname)
> git remote --verbose
> git config --get commit.template
> git check-ignore -v -z --stdin
> git status -z -u
> git symbolic-ref --short HEAD
> git for-each-ref --format=%(refname)%00%(upstream:short)%00%(objectname)%00%(upstream:track) refs/heads/master refs/remotes/master
> git ls-files --stage -- /home/ashley/work/phpscaffold/test.php
> git ls-files --stage -- /home/ashley/work/phpscaffold/result.php
> git cat-file -s 214fb956ab1ea1433c2f191d6d38ec4fe8435634
> git for-each-ref --sort -committerdate --format %(refname) %(objectname) %(*objectname)
> git remote --verbose
> git cat-file -s 60db6b4b29a1570be4e7dc73d0d844d29180f143
> git config --get commit.template
> git show --textconv :test.php
> git show --textconv :result.php
