[2021-07-30 09:11:22.040] [exthost] [info] extension host started
[2021-07-30 09:11:22.056] [exthost] [info] Lock '/home/ashley/.vscode-server/data/User/workspaceStorage/b8349c7da7d452c45fd7d3f7dbf5de27/vscode.lock': Lock acquired.
[2021-07-30 09:11:22.090] [exthost] [info] ExtensionService#_doActivateExtension vscode.typescript-language-features {"startup":false,"extensionId":{"value":"vscode.typescript-language-features","_lower":"vscode.typescript-language-features"},"activationEvent":"onLanguage:javascript"}
[2021-07-30 09:11:22.090] [exthost] [info] ExtensionService#loadCommonJSModule file:///home/ashley/.vscode-server/bin/c3f126316369cd610563c75b1b1725e0679adfb3/extensions/typescript-language-features/dist/extension
[2021-07-30 09:11:22.120] [exthost] [info] ExtensionService#_doActivateExtension vscode.debug-auto-launch {"startup":true,"extensionId":{"value":"vscode.debug-auto-launch","_lower":"vscode.debug-auto-launch"},"activationEvent":"*"}
[2021-07-30 09:11:22.120] [exthost] [info] ExtensionService#loadCommonJSModule file:///home/ashley/.vscode-server/bin/c3f126316369cd610563c75b1b1725e0679adfb3/extensions/debug-auto-launch/dist/extension
[2021-07-30 09:11:22.123] [exthost] [info] ExtensionService#_doActivateExtension vscode.git {"startup":true,"extensionId":{"value":"vscode.github","_lower":"vscode.github"},"activationEvent":"*"}
[2021-07-30 09:11:22.123] [exthost] [info] ExtensionService#loadCommonJSModule file:///home/ashley/.vscode-server/bin/c3f126316369cd610563c75b1b1725e0679adfb3/extensions/git/dist/main
[2021-07-30 09:11:22.158] [exthost] [info] ExtensionService#_doActivateExtension 2gua.rainbow-brackets {"startup":true,"extensionId":{"value":"2gua.rainbow-brackets","_lower":"2gua.rainbow-brackets"},"activationEvent":"*"}
[2021-07-30 09:11:22.158] [exthost] [info] ExtensionService#loadCommonJSModule file:///home/ashley/.vscode-server/extensions/2gua.rainbow-brackets-0.0.6/out/src/extension
[2021-07-30 09:11:22.158] [exthost] [info] ExtensionService#_doActivateExtension ecmel.vscode-html-css {"startup":true,"extensionId":{"value":"ecmel.vscode-html-css","_lower":"ecmel.vscode-html-css"},"activationEvent":"*"}
[2021-07-30 09:11:22.159] [exthost] [info] ExtensionService#loadCommonJSModule file:///home/ashley/.vscode-server/extensions/ecmel.vscode-html-css-1.10.2/dist/extension.js
[2021-07-30 09:11:22.188] [exthost] [info] ExtensionService#_doActivateExtension HookyQR.beautify {"startup":true,"extensionId":{"value":"HookyQR.beautify","_lower":"hookyqr.beautify"},"activationEvent":"*"}
[2021-07-30 09:11:22.188] [exthost] [info] ExtensionService#loadCommonJSModule file:///home/ashley/.vscode-server/extensions/hookyqr.beautify-1.5.0/extension
[2021-07-30 09:11:22.208] [exthost] [info] ExtensionService#_doActivateExtension ritwickdey.LiveServer {"startup":true,"extensionId":{"value":"ritwickdey.LiveServer","_lower":"ritwickdey.liveserver"},"activationEvent":"*"}
[2021-07-30 09:11:22.208] [exthost] [info] ExtensionService#loadCommonJSModule file:///home/ashley/.vscode-server/extensions/ritwickdey.liveserver-5.6.1/out/src/extension
[2021-07-30 09:11:22.368] [exthost] [info] ExtensionService#_doActivateExtension vscode.npm {"startup":true,"extensionId":{"value":"vscode.npm","_lower":"vscode.npm"},"activationEvent":"workspaceContains:package.json"}
[2021-07-30 09:11:22.368] [exthost] [info] ExtensionService#loadCommonJSModule file:///home/ashley/.vscode-server/bin/c3f126316369cd610563c75b1b1725e0679adfb3/extensions/npm/dist/npmMain
[2021-07-30 09:11:22.721] [exthost] [info] ExtensionService#_doActivateExtension vscode.github {"startup":true,"extensionId":{"value":"vscode.github","_lower":"vscode.github"},"activationEvent":"*"}
[2021-07-30 09:11:22.722] [exthost] [info] ExtensionService#loadCommonJSModule file:///home/ashley/.vscode-server/bin/c3f126316369cd610563c75b1b1725e0679adfb3/extensions/github/dist/extension.js
[2021-07-30 09:11:22.771] [exthost] [info] ExtensionService#_doActivateExtension ms-vscode.js-debug {"startup":false,"extensionId":{"value":"ms-vscode.js-debug","_lower":"ms-vscode.js-debug"},"activationEvent":"onCommand:extension.js-debug.clearAutoAttachVariables"}
[2021-07-30 09:11:22.771] [exthost] [info] ExtensionService#loadCommonJSModule file:///home/ashley/.vscode-server/bin/c3f126316369cd610563c75b1b1725e0679adfb3/extensions/ms-vscode.js-debug/src/extension.js
[2021-07-30 09:11:23.174] [exthost] [info] ExtensionService#_doActivateExtension vscode.emmet {"startup":false,"extensionId":{"value":"vscode.emmet","_lower":"vscode.emmet"},"activationEvent":"onStartupFinished"}
[2021-07-30 09:11:23.174] [exthost] [info] ExtensionService#loadCommonJSModule file:///home/ashley/.vscode-server/bin/c3f126316369cd610563c75b1b1725e0679adfb3/extensions/emmet/dist/node/emmetNodeMain
[2021-07-30 09:11:23.187] [exthost] [info] ExtensionService#_doActivateExtension vscode.merge-conflict {"startup":false,"extensionId":{"value":"vscode.merge-conflict","_lower":"vscode.merge-conflict"},"activationEvent":"onStartupFinished"}
[2021-07-30 09:11:23.187] [exthost] [info] ExtensionService#loadCommonJSModule file:///home/ashley/.vscode-server/bin/c3f126316369cd610563c75b1b1725e0679adfb3/extensions/merge-conflict/dist/mergeConflictMain
[2021-07-30 09:11:23.190] [exthost] [info] ExtensionService#_doActivateExtension vscode.testing-editor-contributions {"startup":false,"extensionId":{"value":"vscode.testing-editor-contributions","_lower":"vscode.testing-editor-contributions"},"activationEvent":"onStartupFinished"}
[2021-07-30 09:11:23.190] [exthost] [info] ExtensionService#loadCommonJSModule file:///home/ashley/.vscode-server/bin/c3f126316369cd610563c75b1b1725e0679adfb3/extensions/testing-editor-contributions/dist/extension.js
[2021-07-30 09:11:23.191] [exthost] [info] ExtensionService#_doActivateExtension eamodio.gitlens {"startup":false,"extensionId":{"value":"eamodio.gitlens","_lower":"eamodio.gitlens"},"activationEvent":"onStartupFinished"}
[2021-07-30 09:11:23.191] [exthost] [info] ExtensionService#loadCommonJSModule file:///home/ashley/.vscode-server/extensions/eamodio.gitlens-11.6.0/dist/gitlens
[2021-07-30 09:11:23.318] [exthost] [info] eager extensions activated
[2021-07-30 09:15:04.424] [exthost] [info] extension host terminating: received terminate message from renderer
[2021-07-30 09:15:04.424] [exthost] [info] Lock '/home/ashley/.vscode-server/data/User/workspaceStorage/b8349c7da7d452c45fd7d3f7dbf5de27/vscode.lock': Marking the lockfile as scheduled to be released in 6000 ms.
[2021-07-30 09:15:04.444] [exthost] [warning] {"name":"Canceled"}
[2021-07-30 09:15:05.445] [exthost] [info] exiting with code 0
